android/build/intermediates/manifest_merge_blame_file/debug/manifest-merger-blame-debug-report.txt
1<?xml version="1.0" encoding="utf-8"?>
2<manifest xmlns:android="http://schemas.android.com/apk/res/android"
3    package="dev.ian.snakeboi"
4    android:versionCode="1"
5    android:versionName="1.0" >
6
7    <uses-sdk
7-->intelli-snake-master\android\AndroidManifest.xml:5:5-73
8        android:minSdkVersion="9"
8-->intelli-snake-master\android\AndroidManifest.xml:5:15-40
9        android:targetSdkVersion="27" />
9-->intelli-snake-master\android\AndroidManifest.xml:5:41-70
10
11    <uses-permission android:name="android.permission.INTERNET" />
11-->intelli-snake-master\android\AndroidManifest.xml:7:5-67
11-->intelli-snake-master\android\AndroidManifest.xml:7:22-64
12    <uses-permission android:name="android.permission.ACCESS_NETWORK_STATE" />
12-->intelli-snake-master\android\AndroidManifest.xml:8:5-79
12-->intelli-snake-master\android\AndroidManifest.xml:8:22-76
13    <uses-permission android:name="android.permission.ACCESS_WIFI_STATE" />
13-->intelli-snake-master\android\AndroidManifest.xml:9:5-76
13-->intelli-snake-master\android\AndroidManifest.xml:9:22-73
14
15    <application
15-->intelli-snake-master\android\AndroidManifest.xml:11:5-26:19
16        android:allowBackup="true"
16-->intelli-snake-master\android\AndroidManifest.xml:12:9-35
17        android:debuggable="true"
18        android:icon="@drawable/ic_launcher"
18-->intelli-snake-master\android\AndroidManifest.xml:13:9-45
19        android:label="@string/app_name"
19-->intelli-snake-master\android\AndroidManifest.xml:14:9-41
20        android:testOnly="true"
21        android:theme="@style/GdxTheme" >
21-->intelli-snake-master\android\AndroidManifest.xml:15:9-40
22        <activity
22-->intelli-snake-master\android\AndroidManifest.xml:16:9-25:20
23            android:name="dev.ian.snakeboi.AndroidLauncher"
23-->intelli-snake-master\android\AndroidManifest.xml:17:13-60
24            android:configChanges="keyboard|keyboardHidden|navigation|orientation|screenSize|screenLayout"
24-->intelli-snake-master\android\AndroidManifest.xml:20:13-107
25            android:label="@string/app_name"
25-->intelli-snake-master\android\AndroidManifest.xml:18:13-45
26            android:screenOrientation="landscape" >
26-->intelli-snake-master\android\AndroidManifest.xml:19:13-50
27            <intent-filter>
27-->intelli-snake-master\android\AndroidManifest.xml:21:13-24:29
28                <action android:name="android.intent.action.MAIN" />
28-->intelli-snake-master\android\AndroidManifest.xml:22:17-69
28-->intelli-snake-master\android\AndroidManifest.xml:22:25-66
29
30                <category android:name="android.intent.category.LAUNCHER" />
30-->intelli-snake-master\android\AndroidManifest.xml:23:17-77
30-->intelli-snake-master\android\AndroidManifest.xml:23:27-74
31            </intent-filter>
32        </activity>
33    </application>
34
35</manifest>